app/build/intermediates/manifest_merge_blame_file/debug/manifest-merger-blame-debug-report.txt
1<?xml version="1.0" encoding="utf-8"?>
2<manifest xmlns:android="http://schemas.android.com/apk/res/android"
3    package="com.example.dongqiudi"
4    android:versionCode="1"
5    android:versionName="1.0" >
6
7    <uses-sdk
8        android:minSdkVersion="30"
8-->src/main/AndroidManifest.xml
9        android:targetSdkVersion="30" />
9-->src/main/AndroidManifest.xml
10
11    <application
11-->src/main/AndroidManifest.xml:5:5-37:19
12        android:allowBackup="true"
12-->src/main/AndroidManifest.xml:6:9-35
13        android:appComponentFactory="androidx.core.app.CoreComponentFactory"
13-->[androidx.core:core:1.5.0] AndroidManifest.xml:24:18-86
14        android:debuggable="true"
15        android:extractNativeLibs="false"
16        android:icon="@mipmap/ic_launcher"
16-->src/main/AndroidManifest.xml:7:9-43
17        android:label="@string/app_name"
17-->src/main/AndroidManifest.xml:8:9-41
18        android:roundIcon="@mipmap/ic_launcher_round"
18-->src/main/AndroidManifest.xml:9:9-54
19        android:supportsRtl="true"
19-->src/main/AndroidManifest.xml:10:9-35
20        android:testOnly="true"
21        android:theme="@style/Theme.Dongqiudi" >
21-->src/main/AndroidManifest.xml:11:9-47
22        <activity
22-->src/main/AndroidManifest.xml:12:9-14:39
23            android:name="com.example.dongqiudi.delNews"
23-->src/main/AndroidManifest.xml:13:13-36
24            android:exported="true" />
24-->src/main/AndroidManifest.xml:14:13-36
25        <activity
25-->src/main/AndroidManifest.xml:15:9-17:39
26            android:name="com.example.dongqiudi.addNews"
26-->src/main/AndroidManifest.xml:16:13-36
27            android:exported="true" />
27-->src/main/AndroidManifest.xml:17:13-36
28        <activity
28-->src/main/AndroidManifest.xml:18:9-20:39
29            android:name="com.example.dongqiudi.Register"
29-->src/main/AndroidManifest.xml:19:13-37
30            android:exported="true" />
30-->src/main/AndroidManifest.xml:20:13-36
31        <activity
31-->src/main/AndroidManifest.xml:21:9-24:60
32            android:name="com.example.dongqiudi.ui.login.LoginActivity"
32-->src/main/AndroidManifest.xml:22:13-51
33            android:exported="true"
33-->src/main/AndroidManifest.xml:23:13-36
34            android:label="@string/title_activity_login" />
34-->src/main/AndroidManifest.xml:24:13-57
35        <activity
35-->src/main/AndroidManifest.xml:25:9-27:39
36            android:name="com.example.dongqiudi.Login"
36-->src/main/AndroidManifest.xml:26:13-34
37            android:exported="true" />
37-->src/main/AndroidManifest.xml:27:13-36
38        <activity
38-->src/main/AndroidManifest.xml:28:9-36:20
39            android:name="com.example.dongqiudi.MainActivity"
39-->src/main/AndroidManifest.xml:29:13-41
40            android:exported="true" >
40-->src/main/AndroidManifest.xml:30:13-36
41            <intent-filter>
41-->src/main/AndroidManifest.xml:31:13-35:29
42                <action android:name="android.intent.action.MAIN" />
42-->src/main/AndroidManifest.xml:32:17-69
42-->src/main/AndroidManifest.xml:32:25-66
43
44                <category android:name="android.intent.category.LAUNCHER" />
44-->src/main/AndroidManifest.xml:34:17-77
44-->src/main/AndroidManifest.xml:34:27-74
45            </intent-filter>
46        </activity>
47    </application>
48
49</manifest>